ARM GAS  C:\Users\guest\AppData\Local\Temp\ccA73Wre.s 			page 1


   1              		.syntax unified
   2              		.cpu cortex-m3
   3              		.fpu softvfp
   4              		.eabi_attribute 20, 1
   5              		.eabi_attribute 21, 1
   6              		.eabi_attribute 23, 3
   7              		.eabi_attribute 24, 1
   8              		.eabi_attribute 25, 1
   9              		.eabi_attribute 26, 1
  10              		.eabi_attribute 30, 1
  11              		.eabi_attribute 34, 1
  12              		.eabi_attribute 18, 4
  13              		.thumb
  14              		.syntax unified
  15              		.file	"main.c"
  16              		.text
  17              	.Ltext0:
  18              		.cfi_sections	.debug_frame
  19              		.section	.text.Readevent,"ax",%progbits
  20              		.align	2
  21              		.global	Readevent
  22              		.thumb
  23              		.thumb_func
  24              		.type	Readevent, %function
  25              	Readevent:
  26              	.LFB63:
  27              		.file 1 "main.c"
   1:main.c        **** /* ========================================
   2:main.c        ****  *
   3:main.c        ****  * Copyright YOUR COMPANY, THE YEAR
   4:main.c        ****  * All Rights Reserved
   5:main.c        ****  * UNPUBLISHED, LICENSED SOFTWARE.
   6:main.c        ****  *
   7:main.c        ****  * CONFIDENTIAL AND PROPRIETARY INFORMATION
   8:main.c        ****  * WHICH IS THE PROPERTY OF your company.
   9:main.c        ****  *
  10:main.c        ****  * ========================================
  11:main.c        **** */
  12:main.c        **** #include "project.h"
  13:main.c        **** 
  14:main.c        **** 
  15:main.c        ****     typedef enum 
  16:main.c        ****     {
  17:main.c        ****         Idle_state, 
  18:main.c        ****         Seek_line, 
  19:main.c        ****         Line_left, 
  20:main.c        ****         Line_right,
  21:main.c        ****         No_line, 
  22:main.c        ****         On_line,
  23:main.c        ****         
  24:main.c        ****     } states;
  25:main.c        ****     /*állapotok_______________________________________________________________*/
  26:main.c        **** 
  27:main.c        ****     typedef enum 
  28:main.c        ****     {
  29:main.c        ****         Dont_seek_line,
  30:main.c        ****         IRL_detect,
ARM GAS  C:\Users\guest\AppData\Local\Temp\ccA73Wre.s 			page 2


  31:main.c        ****         IRR_detect,
  32:main.c        ****         No_line_seen, 
  33:main.c        ****         On_line_seen,
  34:main.c        ****         Direction_set,
  35:main.c        **** 
  36:main.c        ****     } events;
  37:main.c        ****     /*eventek_________________________________________________________________*/
  38:main.c        **** 
  39:main.c        ****     events Readevent(int16 sensorLeft,int16 sensorRight){
  28              		.loc 1 39 0
  29              		.cfi_startproc
  30              		@ args = 0, pretend = 0, frame = 0
  31              		@ frame_needed = 0, uses_anonymous_args = 0
  32              		@ link register save eliminated.
  33              	.LVL0:
  40:main.c        ****         
  41:main.c        ****         /*if(Start_Read() == 1){
  42:main.c        ****         
  43:main.c        ****             return Dont_seek_line;
  44:main.c        ****         }*/
  45:main.c        ****         if(sensorLeft ==0 && sensorRight ==0){
  34              		.loc 1 45 0
  35 0000 0346     		mov	r3, r0
  36 0002 00B9     		cbnz	r0, .L2
  37              		.loc 1 45 0 is_stmt 0 discriminator 1
  38 0004 59B1     		cbz	r1, .L6
  39              	.L2:
  46:main.c        ****         
  47:main.c        ****             return No_line_seen;
  48:main.c        ****         }
  49:main.c        ****         if(sensorRight ==1 && sensorLeft ==1){
  40              		.loc 1 49 0 is_stmt 1
  41 0006 0129     		cmp	r1, #1
  42 0008 01D1     		bne	.L4
  43              		.loc 1 49 0 is_stmt 0 discriminator 1
  44 000a 012B     		cmp	r3, #1
  45 000c 09D0     		beq	.L7
  46              	.L4:
  50:main.c        ****                     
  51:main.c        ****             return On_line_seen;
  52:main.c        ****         }
  53:main.c        ****         if(sensorRight ==1 && sensorLeft ==0){
  47              		.loc 1 53 0 is_stmt 1
  48 000e 0129     		cmp	r1, #1
  49 0010 00D1     		bne	.L5
  50              		.loc 1 53 0 is_stmt 0 discriminator 1
  51 0012 43B1     		cbz	r3, .L8
  52              	.L5:
  54:main.c        ****                
  55:main.c        ****             return IRR_detect;
  56:main.c        ****         }
  57:main.c        ****         if(sensorLeft ==1 && sensorRight ==0){
  53              		.loc 1 57 0 is_stmt 1
  54 0014 012B     		cmp	r3, #1
  55 0016 08D1     		bne	.L9
  56              		.loc 1 57 0 is_stmt 0 discriminator 1
  57 0018 49B1     		cbz	r1, .L10
ARM GAS  C:\Users\guest\AppData\Local\Temp\ccA73Wre.s 			page 3


  58:main.c        ****             
  59:main.c        ****             return IRL_detect;
  60:main.c        ****         }
  61:main.c        ****         return Dont_seek_line;
  58              		.loc 1 61 0 is_stmt 1
  59 001a 0020     		movs	r0, #0
  60              	.LVL1:
  61 001c 7047     		bx	lr
  62              	.LVL2:
  63              	.L6:
  47:main.c        ****         }
  64              		.loc 1 47 0
  65 001e 0320     		movs	r0, #3
  66              	.LVL3:
  67 0020 7047     		bx	lr
  68              	.LVL4:
  69              	.L7:
  51:main.c        ****         }
  70              		.loc 1 51 0
  71 0022 0420     		movs	r0, #4
  72              	.LVL5:
  73 0024 7047     		bx	lr
  74              	.LVL6:
  75              	.L8:
  55:main.c        ****         }
  76              		.loc 1 55 0
  77 0026 0220     		movs	r0, #2
  78              	.LVL7:
  79 0028 7047     		bx	lr
  80              	.LVL8:
  81              	.L9:
  82              		.loc 1 61 0
  83 002a 0020     		movs	r0, #0
  84              	.LVL9:
  85 002c 7047     		bx	lr
  86              	.LVL10:
  87              	.L10:
  59:main.c        ****         }
  88              		.loc 1 59 0
  89 002e 0120     		movs	r0, #1
  90              	.LVL11:
  62:main.c        ****     }
  91              		.loc 1 62 0
  92 0030 7047     		bx	lr
  93              		.cfi_endproc
  94              	.LFE63:
  95              		.size	Readevent, .-Readevent
  96 0032 00BF     		.section	.text.setspeed,"ax",%progbits
  97              		.align	2
  98              		.global	setspeed
  99              		.thumb
 100              		.thumb_func
 101              		.type	setspeed, %function
 102              	setspeed:
 103              	.LFB64:
  63:main.c        ****     /* event handler__________________________________________________________*/
  64:main.c        **** 
ARM GAS  C:\Users\guest\AppData\Local\Temp\ccA73Wre.s 			page 4


  65:main.c        ****     void setspeed(int16 left, int16 right){
 104              		.loc 1 65 0
 105              		.cfi_startproc
 106              		@ args = 0, pretend = 0, frame = 0
 107              		@ frame_needed = 0, uses_anonymous_args = 0
 108              	.LVL12:
 109 0000 38B5     		push	{r3, r4, r5, lr}
 110              		.cfi_def_cfa_offset 16
 111              		.cfi_offset 3, -16
 112              		.cfi_offset 4, -12
 113              		.cfi_offset 5, -8
 114              		.cfi_offset 14, -4
 115 0002 0C46     		mov	r4, r1
 116              	.LVL13:
  66:main.c        ****         int8_t killcontrol=0;
  67:main.c        ****         if(left<0){
 117              		.loc 1 67 0
 118 0004 051E     		subs	r5, r0, #0
 119 0006 07DA     		bge	.L12
  68:main.c        ****             PWM_L_WriteCompare(-1*left);
 120              		.loc 1 68 0
 121 0008 6842     		negs	r0, r5
 122              	.LVL14:
 123 000a C0B2     		uxtb	r0, r0
 124 000c FFF7FEFF 		bl	PWM_L_WriteCompare
 125              	.LVL15:
  69:main.c        ****             Left_mot_dir_Write(1);
 126              		.loc 1 69 0
 127 0010 0120     		movs	r0, #1
 128 0012 FFF7FEFF 		bl	Left_mot_dir_Write
 129              	.LVL16:
 130 0016 05E0     		b	.L13
 131              	.LVL17:
 132              	.L12:
  70:main.c        ****         }else{
  71:main.c        ****             PWM_L_WriteCompare(left);
 133              		.loc 1 71 0
 134 0018 E8B2     		uxtb	r0, r5
 135              	.LVL18:
 136 001a FFF7FEFF 		bl	PWM_L_WriteCompare
 137              	.LVL19:
  72:main.c        ****             Left_mot_dir_Write(0);
 138              		.loc 1 72 0
 139 001e 0020     		movs	r0, #0
 140 0020 FFF7FEFF 		bl	Left_mot_dir_Write
 141              	.LVL20:
 142              	.L13:
  73:main.c        ****         }
  74:main.c        ****        if(right<0){
 143              		.loc 1 74 0
 144 0024 002C     		cmp	r4, #0
 145 0026 07DA     		bge	.L14
  75:main.c        ****             PWM_R_WriteCompare(-1*right);
 146              		.loc 1 75 0
 147 0028 6042     		negs	r0, r4
 148 002a C0B2     		uxtb	r0, r0
 149 002c FFF7FEFF 		bl	PWM_R_WriteCompare
ARM GAS  C:\Users\guest\AppData\Local\Temp\ccA73Wre.s 			page 5


 150              	.LVL21:
  76:main.c        ****             Right_mot_dir_Write(1);
 151              		.loc 1 76 0
 152 0030 0120     		movs	r0, #1
 153 0032 FFF7FEFF 		bl	Right_mot_dir_Write
 154              	.LVL22:
 155 0036 05E0     		b	.L15
 156              	.L14:
  77:main.c        ****         }else{
  78:main.c        ****             PWM_R_WriteCompare(right);
 157              		.loc 1 78 0
 158 0038 E0B2     		uxtb	r0, r4
 159 003a FFF7FEFF 		bl	PWM_R_WriteCompare
 160              	.LVL23:
  79:main.c        ****             Right_mot_dir_Write(0);
 161              		.loc 1 79 0
 162 003e 0020     		movs	r0, #0
 163 0040 FFF7FEFF 		bl	Right_mot_dir_Write
 164              	.LVL24:
 165              	.L15:
  80:main.c        ****         } 
  81:main.c        ****         if(left==0){
 166              		.loc 1 81 0
 167 0044 0DB1     		cbz	r5, .L18
  66:main.c        ****         if(left<0){
 168              		.loc 1 66 0
 169 0046 0020     		movs	r0, #0
 170 0048 00E0     		b	.L16
 171              	.L18:
  82:main.c        ****             killcontrol=1;
 172              		.loc 1 82 0
 173 004a 0120     		movs	r0, #1
 174              	.L16:
 175              	.LVL25:
  83:main.c        ****         }
  84:main.c        ****         
  85:main.c        ****         if(right==0){
 176              		.loc 1 85 0
 177 004c 0CB9     		cbnz	r4, .L17
  86:main.c        ****             killcontrol=killcontrol+2;
 178              		.loc 1 86 0
 179 004e 0230     		adds	r0, r0, #2
 180              	.LVL26:
 181 0050 40B2     		sxtb	r0, r0
 182              	.LVL27:
 183              	.L17:
  87:main.c        ****         }
  88:main.c        ****         Reg_PWM_Start_Write(killcontrol);
 184              		.loc 1 88 0
 185 0052 C0B2     		uxtb	r0, r0
 186 0054 FFF7FEFF 		bl	Reg_PWM_Start_Write
 187              	.LVL28:
 188 0058 38BD     		pop	{r3, r4, r5, pc}
 189              		.cfi_endproc
 190              	.LFE64:
 191              		.size	setspeed, .-setspeed
 192 005a 00BF     		.section	.text.ismytimer,"ax",%progbits
ARM GAS  C:\Users\guest\AppData\Local\Temp\ccA73Wre.s 			page 6


 193              		.align	2
 194              		.global	ismytimer
 195              		.thumb
 196              		.thumb_func
 197              		.type	ismytimer, %function
 198              	ismytimer:
 199              	.LFB65:
  89:main.c        ****     }
  90:main.c        ****     /*sebesség beállítása_____________________________________________________*/
  91:main.c        ****     
  92:main.c        ****     uint32_t lasttime=0;
  93:main.c        ****     uint8_t ismytimer(){
 200              		.loc 1 93 0
 201              		.cfi_startproc
 202              		@ args = 0, pretend = 0, frame = 0
 203              		@ frame_needed = 0, uses_anonymous_args = 0
 204 0000 08B5     		push	{r3, lr}
 205              		.cfi_def_cfa_offset 8
 206              		.cfi_offset 3, -8
 207              		.cfi_offset 14, -4
  94:main.c        ****         uint32_t now = CySysTickGetValue();
 208              		.loc 1 94 0
 209 0002 FFF7FEFF 		bl	CySysTickGetValue
 210              	.LVL29:
  95:main.c        ****         if(now-lasttime > 100){
 211              		.loc 1 95 0
 212 0006 044B     		ldr	r3, .L24
 213 0008 1B68     		ldr	r3, [r3]
 214 000a C01A     		subs	r0, r0, r3
 215              	.LVL30:
 216 000c 6428     		cmp	r0, #100
 217 000e 01D9     		bls	.L22
  96:main.c        ****             return 1;
 218              		.loc 1 96 0
 219 0010 0120     		movs	r0, #1
 220 0012 08BD     		pop	{r3, pc}
 221              	.L22:
  97:main.c        ****         }
  98:main.c        ****         return 0;
 222              		.loc 1 98 0
 223 0014 0020     		movs	r0, #0
  99:main.c        ****     }
 224              		.loc 1 99 0
 225 0016 08BD     		pop	{r3, pc}
 226              	.L25:
 227              		.align	2
 228              	.L24:
 229 0018 00000000 		.word	.LANCHOR0
 230              		.cfi_endproc
 231              	.LFE65:
 232              		.size	ismytimer, .-ismytimer
 233              		.section	.text.main,"ax",%progbits
 234              		.align	2
 235              		.global	main
 236              		.thumb
 237              		.thumb_func
 238              		.type	main, %function
ARM GAS  C:\Users\guest\AppData\Local\Temp\ccA73Wre.s 			page 7


 239              	main:
 240              	.LFB66:
 100:main.c        ****     /*időzítő_________________________________________________________________*/
 101:main.c        **** 
 102:main.c        **** int main(void)
 103:main.c        **** {
 241              		.loc 1 103 0
 242              		.cfi_startproc
 243              		@ args = 0, pretend = 0, frame = 0
 244              		@ frame_needed = 0, uses_anonymous_args = 0
 245 0000 38B5     		push	{r3, r4, r5, lr}
 246              		.cfi_def_cfa_offset 16
 247              		.cfi_offset 3, -16
 248              		.cfi_offset 4, -12
 249              		.cfi_offset 5, -8
 250              		.cfi_offset 14, -4
 104:main.c        ****     CyGlobalIntEnable; /* Enable global interrupts. */
 251              		.loc 1 104 0
 252              		.syntax unified
 253              	@ 104 "main.c" 1
 254 0002 62B6     		CPSIE   i
 255              	@ 0 "" 2
 105:main.c        **** 
 106:main.c        ****     /* Place your initialization/startup code here (e.g. MyInst_Start()) */
 107:main.c        **** 
 108:main.c        ****     PWM_L_Start();
 256              		.loc 1 108 0
 257              		.thumb
 258              		.syntax unified
 259 0004 FFF7FEFF 		bl	PWM_L_Start
 260              	.LVL31:
 109:main.c        ****     PWM_R_Start();
 261              		.loc 1 109 0
 262 0008 FFF7FEFF 		bl	PWM_R_Start
 263              	.LVL32:
 110:main.c        ****     setspeed(0,0);
 264              		.loc 1 110 0
 265 000c 0021     		movs	r1, #0
 266 000e 0846     		mov	r0, r1
 267 0010 FFF7FEFF 		bl	setspeed
 268              	.LVL33:
 111:main.c        ****     CySysTickStart();
 269              		.loc 1 111 0
 270 0014 FFF7FEFF 		bl	CySysTickStart
 271              	.LVL34:
 112:main.c        ****     /*int16 sensorLeft=IR_L_Read();
 113:main.c        ****     int16 sensorRight=IR_R_Read(); */ 
 114:main.c        ****     states Newstate = Idle_state;
 272              		.loc 1 114 0
 273 0018 0024     		movs	r4, #0
 274 001a 08E0     		b	.L28
 275              	.LVL35:
 276              	.L38:
 115:main.c        ****     events Newevent;
 116:main.c        ****     /*int pressed;*/
 117:main.c        **** 
 118:main.c        ****     for(;;)
ARM GAS  C:\Users\guest\AppData\Local\Temp\ccA73Wre.s 			page 8


 119:main.c        ****     {
 120:main.c        ****         /* Place your application code here. */
 121:main.c        ****         /* Fekete => 1 */
 122:main.c        ****         /* Fehér => 0 */
 123:main.c        ****         /* fekete->"fehér" = 0 */
 124:main.c        **** 
 125:main.c        ****         while(1){    
 126:main.c        ****      
 127:main.c        ****         if(ismytimer()){
 128:main.c        ****         Newevent = Readevent(IR_L_Read(),IR_R_Read()); 
 129:main.c        ****         switch(Newstate){
 130:main.c        ****             
 131:main.c        ****             case Idle_state:
 132:main.c        ****                 if(Dont_seek_line == Newevent){
 133:main.c        ****                     setspeed(0,0);
 134:main.c        ****                 }else{
 135:main.c        ****                     Newstate = Seek_line;
 277              		.loc 1 135 0
 278 001c 0124     		movs	r4, #1
 279              	.LVL36:
 280 001e 06E0     		b	.L28
 281              	.LVL37:
 282              	.L39:
 136:main.c        ****                 }
 137:main.c        ****                 break;
 138:main.c        ****                 
 139:main.c        ****             case Seek_line:
 140:main.c        ****              
 141:main.c        ****                 if(IRR_detect == Newevent){
 142:main.c        ****                     Newstate = Line_left;
 283              		.loc 1 142 0
 284 0020 0224     		movs	r4, #2
 285              	.LVL38:
 286 0022 04E0     		b	.L28
 287              	.LVL39:
 288              	.L40:
 143:main.c        ****                     }
 144:main.c        ****                 else if(IRL_detect == Newevent){
 145:main.c        ****                     Newstate = Line_right;
 289              		.loc 1 145 0
 290 0024 0324     		movs	r4, #3
 291              	.LVL40:
 292 0026 02E0     		b	.L28
 293              	.LVL41:
 294              	.L41:
 146:main.c        ****                     }
 147:main.c        ****                 else if(No_line_seen == Newevent){
 148:main.c        ****                     Newstate = No_line;
 295              		.loc 1 148 0
 296 0028 0424     		movs	r4, #4
 297              	.LVL42:
 298 002a 00E0     		b	.L28
 299              	.LVL43:
 300              	.L42:
 149:main.c        ****                     }
 150:main.c        ****                 else if(On_line_seen == Newevent){
 151:main.c        ****                     Newstate = On_line;
ARM GAS  C:\Users\guest\AppData\Local\Temp\ccA73Wre.s 			page 9


 301              		.loc 1 151 0
 302 002c 0524     		movs	r4, #5
 303              	.LVL44:
 304              	.L28:
 127:main.c        ****         Newevent = Readevent(IR_L_Read(),IR_R_Read()); 
 305              		.loc 1 127 0
 306 002e FFF7FEFF 		bl	ismytimer
 307              	.LVL45:
 308 0032 0028     		cmp	r0, #0
 309 0034 FBD0     		beq	.L28
 128:main.c        ****         switch(Newstate){
 310              		.loc 1 128 0
 311 0036 FFF7FEFF 		bl	IR_L_Read
 312              	.LVL46:
 313 003a 05B2     		sxth	r5, r0
 314 003c FFF7FEFF 		bl	IR_R_Read
 315              	.LVL47:
 316 0040 01B2     		sxth	r1, r0
 317 0042 2846     		mov	r0, r5
 318 0044 FFF7FEFF 		bl	Readevent
 319              	.LVL48:
 129:main.c        ****             
 320              		.loc 1 129 0
 321 0048 052C     		cmp	r4, #5
 322 004a 2CD8     		bhi	.L29
 323 004c DFE804F0 		tbb	[pc, r4]
 324              	.L31:
 325 0050 03       		.byte	(.L30-.L31)/2
 326 0051 0A       		.byte	(.L32-.L31)/2
 327 0052 13       		.byte	(.L33-.L31)/2
 328 0053 19       		.byte	(.L34-.L31)/2
 329 0054 1F       		.byte	(.L35-.L31)/2
 330 0055 25       		.byte	(.L36-.L31)/2
 331              		.p2align 1
 332              	.L30:
 132:main.c        ****                     setspeed(0,0);
 333              		.loc 1 132 0
 334 0056 0028     		cmp	r0, #0
 335 0058 E0D1     		bne	.L38
 133:main.c        ****                 }else{
 336              		.loc 1 133 0
 337 005a 0021     		movs	r1, #0
 338 005c 0846     		mov	r0, r1
 339              	.LVL49:
 340 005e FFF7FEFF 		bl	setspeed
 341              	.LVL50:
 342 0062 E4E7     		b	.L28
 343              	.LVL51:
 344              	.L32:
 141:main.c        ****                     Newstate = Line_left;
 345              		.loc 1 141 0
 346 0064 0228     		cmp	r0, #2
 347 0066 DBD0     		beq	.L39
 144:main.c        ****                     Newstate = Line_right;
 348              		.loc 1 144 0
 349 0068 0128     		cmp	r0, #1
 350 006a DBD0     		beq	.L40
ARM GAS  C:\Users\guest\AppData\Local\Temp\ccA73Wre.s 			page 10


 147:main.c        ****                     Newstate = No_line;
 351              		.loc 1 147 0
 352 006c 0328     		cmp	r0, #3
 353 006e DBD0     		beq	.L41
 150:main.c        ****                     Newstate = On_line;
 354              		.loc 1 150 0
 355 0070 0428     		cmp	r0, #4
 356 0072 DCD1     		bne	.L28
 357 0074 DAE7     		b	.L42
 358              	.L33:
 152:main.c        ****                 }               
 153:main.c        ****                 break;   
 154:main.c        ****                 
 155:main.c        ****             case Line_left:
 156:main.c        ****                 setspeed(100,10);
 359              		.loc 1 156 0
 360 0076 0A21     		movs	r1, #10
 361 0078 6420     		movs	r0, #100
 362              	.LVL52:
 363 007a FFF7FEFF 		bl	setspeed
 364              	.LVL53:
 157:main.c        ****                 Newstate = Seek_line;
 365              		.loc 1 157 0
 366 007e 0124     		movs	r4, #1
 158:main.c        ****                 break;
 367              		.loc 1 158 0
 368 0080 D5E7     		b	.L28
 369              	.LVL54:
 370              	.L34:
 159:main.c        ****                 
 160:main.c        ****             case Line_right:
 161:main.c        ****                 setspeed(10,100);
 371              		.loc 1 161 0
 372 0082 6421     		movs	r1, #100
 373 0084 0A20     		movs	r0, #10
 374              	.LVL55:
 375 0086 FFF7FEFF 		bl	setspeed
 376              	.LVL56:
 162:main.c        ****                 Newstate = Seek_line;
 377              		.loc 1 162 0
 378 008a 0124     		movs	r4, #1
 163:main.c        ****                 break;
 379              		.loc 1 163 0
 380 008c CFE7     		b	.L28
 381              	.LVL57:
 382              	.L35:
 164:main.c        ****                 
 165:main.c        ****             case No_line:
 166:main.c        ****                 setspeed(80,80);
 383              		.loc 1 166 0
 384 008e 5021     		movs	r1, #80
 385 0090 0846     		mov	r0, r1
 386              	.LVL58:
 387 0092 FFF7FEFF 		bl	setspeed
 388              	.LVL59:
 167:main.c        ****                 Newstate = Seek_line;
 389              		.loc 1 167 0
ARM GAS  C:\Users\guest\AppData\Local\Temp\ccA73Wre.s 			page 11


 390 0096 0124     		movs	r4, #1
 168:main.c        ****                 break;
 391              		.loc 1 168 0
 392 0098 C9E7     		b	.L28
 393              	.LVL60:
 394              	.L36:
 169:main.c        ****                 
 170:main.c        ****             case On_line:
 171:main.c        ****                 setspeed(20,20);
 395              		.loc 1 171 0
 396 009a 1421     		movs	r1, #20
 397 009c 0846     		mov	r0, r1
 398              	.LVL61:
 399 009e FFF7FEFF 		bl	setspeed
 400              	.LVL62:
 172:main.c        ****                 Newstate = Seek_line;
 401              		.loc 1 172 0
 402 00a2 0124     		movs	r4, #1
 173:main.c        ****                 break;
 403              		.loc 1 173 0
 404 00a4 C3E7     		b	.L28
 405              	.LVL63:
 406              	.L29:
 174:main.c        ****              
 175:main.c        ****             default:
 176:main.c        ****                 setspeed(0,0);        
 407              		.loc 1 176 0
 408 00a6 0021     		movs	r1, #0
 409 00a8 0846     		mov	r0, r1
 410              	.LVL64:
 411 00aa FFF7FEFF 		bl	setspeed
 412              	.LVL65:
 413 00ae BEE7     		b	.L28
 414              		.cfi_endproc
 415              	.LFE66:
 416              		.size	main, .-main
 417              		.global	lasttime
 418              		.bss
 419              		.align	2
 420              		.set	.LANCHOR0,. + 0
 421              		.type	lasttime, %object
 422              		.size	lasttime, 4
 423              	lasttime:
 424 0000 00000000 		.space	4
 425              		.text
 426              	.Letext0:
 427              		.file 2 "c:\\program files (x86)\\cypress\\psoc creator\\4.3\\psoc creator\\import\\gnu\\arm\\5.4.
 428              		.file 3 "c:\\program files (x86)\\cypress\\psoc creator\\4.3\\psoc creator\\import\\gnu\\arm\\5.4.
 429              		.file 4 "Generated_Source\\PSoC5/cytypes.h"
 430              		.file 5 "Generated_Source\\PSoC5/core_cm3.h"
 431              		.file 6 "Generated_Source\\PSoC5/PWM_L.h"
 432              		.file 7 "Generated_Source\\PSoC5/Left_mot_dir.h"
 433              		.file 8 "Generated_Source\\PSoC5/PWM_R.h"
 434              		.file 9 "Generated_Source\\PSoC5/Right_mot_dir.h"
 435              		.file 10 "Generated_Source\\PSoC5/Reg_PWM_Start.h"
 436              		.file 11 "Generated_Source\\PSoC5/CyLib.h"
 437              		.file 12 "Generated_Source\\PSoC5/IR_L.h"
ARM GAS  C:\Users\guest\AppData\Local\Temp\ccA73Wre.s 			page 12


 438              		.file 13 "Generated_Source\\PSoC5/IR_R.h"
 439              		.section	.debug_info,"",%progbits
 440              	.Ldebug_info0:
 441 0000 7E040000 		.4byte	0x47e
 442 0004 0400     		.2byte	0x4
 443 0006 00000000 		.4byte	.Ldebug_abbrev0
 444 000a 04       		.byte	0x4
 445 000b 01       		.uleb128 0x1
 446 000c DB020000 		.4byte	.LASF59
 447 0010 0C       		.byte	0xc
 448 0011 1A020000 		.4byte	.LASF60
 449 0015 3A020000 		.4byte	.LASF61
 450 0019 00000000 		.4byte	.Ldebug_ranges0+0
 451 001d 00000000 		.4byte	0
 452 0021 00000000 		.4byte	.Ldebug_line0
 453 0025 02       		.uleb128 0x2
 454 0026 CA010000 		.4byte	.LASF0
 455 002a 02       		.byte	0x2
 456 002b 1B       		.byte	0x1b
 457 002c 30000000 		.4byte	0x30
 458 0030 03       		.uleb128 0x3
 459 0031 01       		.byte	0x1
 460 0032 06       		.byte	0x6
 461 0033 76010000 		.4byte	.LASF2
 462 0037 02       		.uleb128 0x2
 463 0038 21010000 		.4byte	.LASF1
 464 003c 02       		.byte	0x2
 465 003d 1D       		.byte	0x1d
 466 003e 42000000 		.4byte	0x42
 467 0042 03       		.uleb128 0x3
 468 0043 01       		.byte	0x1
 469 0044 08       		.byte	0x8
 470 0045 40010000 		.4byte	.LASF3
 471 0049 03       		.uleb128 0x3
 472 004a 02       		.byte	0x2
 473 004b 05       		.byte	0x5
 474 004c 33000000 		.4byte	.LASF4
 475 0050 03       		.uleb128 0x3
 476 0051 02       		.byte	0x2
 477 0052 07       		.byte	0x7
 478 0053 B7010000 		.4byte	.LASF5
 479 0057 02       		.uleb128 0x2
 480 0058 87020000 		.4byte	.LASF6
 481 005c 02       		.byte	0x2
 482 005d 3F       		.byte	0x3f
 483 005e 62000000 		.4byte	0x62
 484 0062 03       		.uleb128 0x3
 485 0063 04       		.byte	0x4
 486 0064 05       		.byte	0x5
 487 0065 06010000 		.4byte	.LASF7
 488 0069 02       		.uleb128 0x2
 489 006a 55000000 		.4byte	.LASF8
 490 006e 02       		.byte	0x2
 491 006f 41       		.byte	0x41
 492 0070 74000000 		.4byte	0x74
 493 0074 03       		.uleb128 0x3
 494 0075 04       		.byte	0x4
ARM GAS  C:\Users\guest\AppData\Local\Temp\ccA73Wre.s 			page 13


 495 0076 07       		.byte	0x7
 496 0077 21020000 		.4byte	.LASF9
 497 007b 03       		.uleb128 0x3
 498 007c 08       		.byte	0x8
 499 007d 05       		.byte	0x5
 500 007e DE000000 		.4byte	.LASF10
 501 0082 03       		.uleb128 0x3
 502 0083 08       		.byte	0x8
 503 0084 07       		.byte	0x7
 504 0085 8A010000 		.4byte	.LASF11
 505 0089 04       		.uleb128 0x4
 506 008a 04       		.byte	0x4
 507 008b 05       		.byte	0x5
 508 008c 696E7400 		.ascii	"int\000"
 509 0090 03       		.uleb128 0x3
 510 0091 04       		.byte	0x4
 511 0092 07       		.byte	0x7
 512 0093 AA010000 		.4byte	.LASF12
 513 0097 02       		.uleb128 0x2
 514 0098 19000000 		.4byte	.LASF13
 515 009c 03       		.byte	0x3
 516 009d 14       		.byte	0x14
 517 009e 25000000 		.4byte	0x25
 518 00a2 02       		.uleb128 0x2
 519 00a3 AD000000 		.4byte	.LASF14
 520 00a7 03       		.byte	0x3
 521 00a8 18       		.byte	0x18
 522 00a9 37000000 		.4byte	0x37
 523 00ad 02       		.uleb128 0x2
 524 00ae 82010000 		.4byte	.LASF15
 525 00b2 03       		.byte	0x3
 526 00b3 2C       		.byte	0x2c
 527 00b4 57000000 		.4byte	0x57
 528 00b8 02       		.uleb128 0x2
 529 00b9 A1010000 		.4byte	.LASF16
 530 00bd 03       		.byte	0x3
 531 00be 30       		.byte	0x30
 532 00bf 69000000 		.4byte	0x69
 533 00c3 05       		.uleb128 0x5
 534 00c4 B5000000 		.4byte	.LASF17
 535 00c8 04       		.byte	0x4
 536 00c9 E801     		.2byte	0x1e8
 537 00cb 49000000 		.4byte	0x49
 538 00cf 03       		.uleb128 0x3
 539 00d0 04       		.byte	0x4
 540 00d1 04       		.byte	0x4
 541 00d2 D8000000 		.4byte	.LASF18
 542 00d6 03       		.uleb128 0x3
 543 00d7 08       		.byte	0x8
 544 00d8 04       		.byte	0x4
 545 00d9 33020000 		.4byte	.LASF19
 546 00dd 03       		.uleb128 0x3
 547 00de 01       		.byte	0x1
 548 00df 08       		.byte	0x8
 549 00e0 D3010000 		.4byte	.LASF20
 550 00e4 03       		.uleb128 0x3
 551 00e5 08       		.byte	0x8
ARM GAS  C:\Users\guest\AppData\Local\Temp\ccA73Wre.s 			page 14


 552 00e6 04       		.byte	0x4
 553 00e7 4E010000 		.4byte	.LASF21
 554 00eb 03       		.uleb128 0x3
 555 00ec 04       		.byte	0x4
 556 00ed 07       		.byte	0x7
 557 00ee 3D000000 		.4byte	.LASF22
 558 00f2 06       		.uleb128 0x6
 559 00f3 01       		.byte	0x1
 560 00f4 42000000 		.4byte	0x42
 561 00f8 01       		.byte	0x1
 562 00f9 10       		.byte	0x10
 563 00fa 23010000 		.4byte	0x123
 564 00fe 07       		.uleb128 0x7
 565 00ff 35010000 		.4byte	.LASF23
 566 0103 00       		.byte	0
 567 0104 07       		.uleb128 0x7
 568 0105 CE000000 		.4byte	.LASF24
 569 0109 01       		.byte	0x1
 570 010a 07       		.uleb128 0x7
 571 010b 10020000 		.4byte	.LASF25
 572 010f 02       		.byte	0x2
 573 0110 07       		.uleb128 0x7
 574 0111 62010000 		.4byte	.LASF26
 575 0115 03       		.byte	0x3
 576 0116 07       		.uleb128 0x7
 577 0117 81030000 		.4byte	.LASF27
 578 011b 04       		.byte	0x4
 579 011c 07       		.uleb128 0x7
 580 011d 5A010000 		.4byte	.LASF28
 581 0121 05       		.byte	0x5
 582 0122 00       		.byte	0
 583 0123 02       		.uleb128 0x2
 584 0124 FF000000 		.4byte	.LASF29
 585 0128 01       		.byte	0x1
 586 0129 18       		.byte	0x18
 587 012a F2000000 		.4byte	0xf2
 588 012e 06       		.uleb128 0x6
 589 012f 01       		.byte	0x1
 590 0130 42000000 		.4byte	0x42
 591 0134 01       		.byte	0x1
 592 0135 1C       		.byte	0x1c
 593 0136 5F010000 		.4byte	0x15f
 594 013a 07       		.uleb128 0x7
 595 013b 91020000 		.4byte	.LASF30
 596 013f 00       		.byte	0
 597 0140 07       		.uleb128 0x7
 598 0141 D8010000 		.4byte	.LASF31
 599 0145 01       		.byte	0x1
 600 0146 07       		.uleb128 0x7
 601 0147 99000000 		.4byte	.LASF32
 602 014b 02       		.byte	0x2
 603 014c 07       		.uleb128 0x7
 604 014d 60000000 		.4byte	.LASF33
 605 0151 03       		.byte	0x3
 606 0152 07       		.uleb128 0x7
 607 0153 7A020000 		.4byte	.LASF34
 608 0157 04       		.byte	0x4
ARM GAS  C:\Users\guest\AppData\Local\Temp\ccA73Wre.s 			page 15


 609 0158 07       		.uleb128 0x7
 610 0159 C0020000 		.4byte	.LASF35
 611 015d 05       		.byte	0x5
 612 015e 00       		.byte	0
 613 015f 02       		.uleb128 0x2
 614 0160 B9020000 		.4byte	.LASF36
 615 0164 01       		.byte	0x1
 616 0165 24       		.byte	0x24
 617 0166 2E010000 		.4byte	0x12e
 618 016a 08       		.uleb128 0x8
 619 016b A0020000 		.4byte	.LASF62
 620 016f 01       		.byte	0x1
 621 0170 27       		.byte	0x27
 622 0171 5F010000 		.4byte	0x15f
 623 0175 00000000 		.4byte	.LFB63
 624 0179 32000000 		.4byte	.LFE63-.LFB63
 625 017d 01       		.uleb128 0x1
 626 017e 9C       		.byte	0x9c
 627 017f A0010000 		.4byte	0x1a0
 628 0183 09       		.uleb128 0x9
 629 0184 E8010000 		.4byte	.LASF37
 630 0188 01       		.byte	0x1
 631 0189 27       		.byte	0x27
 632 018a C3000000 		.4byte	0xc3
 633 018e 00000000 		.4byte	.LLST0
 634 0192 0A       		.uleb128 0xa
 635 0193 79000000 		.4byte	.LASF38
 636 0197 01       		.byte	0x1
 637 0198 27       		.byte	0x27
 638 0199 C3000000 		.4byte	0xc3
 639 019d 01       		.uleb128 0x1
 640 019e 51       		.byte	0x51
 641 019f 00       		.byte	0
 642 01a0 0B       		.uleb128 0xb
 643 01a1 A4000000 		.4byte	.LASF41
 644 01a5 01       		.byte	0x1
 645 01a6 41       		.byte	0x41
 646 01a7 00000000 		.4byte	.LFB64
 647 01ab 5A000000 		.4byte	.LFE64-.LFB64
 648 01af 01       		.uleb128 0x1
 649 01b0 9C       		.byte	0x9c
 650 01b1 8A020000 		.4byte	0x28a
 651 01b5 09       		.uleb128 0x9
 652 01b6 E3010000 		.4byte	.LASF39
 653 01ba 01       		.byte	0x1
 654 01bb 41       		.byte	0x41
 655 01bc C3000000 		.4byte	0xc3
 656 01c0 9E000000 		.4byte	.LLST1
 657 01c4 09       		.uleb128 0x9
 658 01c5 13000000 		.4byte	.LASF40
 659 01c9 01       		.byte	0x1
 660 01ca 41       		.byte	0x41
 661 01cb C3000000 		.4byte	0xc3
 662 01cf D8000000 		.4byte	.LLST2
 663 01d3 0C       		.uleb128 0xc
 664 01d4 69030000 		.4byte	.LASF43
 665 01d8 01       		.byte	0x1
ARM GAS  C:\Users\guest\AppData\Local\Temp\ccA73Wre.s 			page 16


 666 01d9 42       		.byte	0x42
 667 01da 97000000 		.4byte	0x97
 668 01de 12010000 		.4byte	.LLST3
 669 01e2 0D       		.uleb128 0xd
 670 01e3 10000000 		.4byte	.LVL15
 671 01e7 08040000 		.4byte	0x408
 672 01eb F7010000 		.4byte	0x1f7
 673 01ef 0E       		.uleb128 0xe
 674 01f0 01       		.uleb128 0x1
 675 01f1 50       		.byte	0x50
 676 01f2 03       		.uleb128 0x3
 677 01f3 75       		.byte	0x75
 678 01f4 00       		.sleb128 0
 679 01f5 1F       		.byte	0x1f
 680 01f6 00       		.byte	0
 681 01f7 0D       		.uleb128 0xd
 682 01f8 16000000 		.4byte	.LVL16
 683 01fc 13040000 		.4byte	0x413
 684 0200 0A020000 		.4byte	0x20a
 685 0204 0E       		.uleb128 0xe
 686 0205 01       		.uleb128 0x1
 687 0206 50       		.byte	0x50
 688 0207 01       		.uleb128 0x1
 689 0208 31       		.byte	0x31
 690 0209 00       		.byte	0
 691 020a 0D       		.uleb128 0xd
 692 020b 1E000000 		.4byte	.LVL19
 693 020f 08040000 		.4byte	0x408
 694 0213 1E020000 		.4byte	0x21e
 695 0217 0E       		.uleb128 0xe
 696 0218 01       		.uleb128 0x1
 697 0219 50       		.byte	0x50
 698 021a 02       		.uleb128 0x2
 699 021b 75       		.byte	0x75
 700 021c 00       		.sleb128 0
 701 021d 00       		.byte	0
 702 021e 0D       		.uleb128 0xd
 703 021f 24000000 		.4byte	.LVL20
 704 0223 13040000 		.4byte	0x413
 705 0227 31020000 		.4byte	0x231
 706 022b 0E       		.uleb128 0xe
 707 022c 01       		.uleb128 0x1
 708 022d 50       		.byte	0x50
 709 022e 01       		.uleb128 0x1
 710 022f 30       		.byte	0x30
 711 0230 00       		.byte	0
 712 0231 0D       		.uleb128 0xd
 713 0232 30000000 		.4byte	.LVL21
 714 0236 1E040000 		.4byte	0x41e
 715 023a 46020000 		.4byte	0x246
 716 023e 0E       		.uleb128 0xe
 717 023f 01       		.uleb128 0x1
 718 0240 50       		.byte	0x50
 719 0241 03       		.uleb128 0x3
 720 0242 74       		.byte	0x74
 721 0243 00       		.sleb128 0
 722 0244 1F       		.byte	0x1f
ARM GAS  C:\Users\guest\AppData\Local\Temp\ccA73Wre.s 			page 17


 723 0245 00       		.byte	0
 724 0246 0D       		.uleb128 0xd
 725 0247 36000000 		.4byte	.LVL22
 726 024b 29040000 		.4byte	0x429
 727 024f 59020000 		.4byte	0x259
 728 0253 0E       		.uleb128 0xe
 729 0254 01       		.uleb128 0x1
 730 0255 50       		.byte	0x50
 731 0256 01       		.uleb128 0x1
 732 0257 31       		.byte	0x31
 733 0258 00       		.byte	0
 734 0259 0D       		.uleb128 0xd
 735 025a 3E000000 		.4byte	.LVL23
 736 025e 1E040000 		.4byte	0x41e
 737 0262 6D020000 		.4byte	0x26d
 738 0266 0E       		.uleb128 0xe
 739 0267 01       		.uleb128 0x1
 740 0268 50       		.byte	0x50
 741 0269 02       		.uleb128 0x2
 742 026a 74       		.byte	0x74
 743 026b 00       		.sleb128 0
 744 026c 00       		.byte	0
 745 026d 0D       		.uleb128 0xd
 746 026e 44000000 		.4byte	.LVL24
 747 0272 29040000 		.4byte	0x429
 748 0276 80020000 		.4byte	0x280
 749 027a 0E       		.uleb128 0xe
 750 027b 01       		.uleb128 0x1
 751 027c 50       		.byte	0x50
 752 027d 01       		.uleb128 0x1
 753 027e 30       		.byte	0x30
 754 027f 00       		.byte	0
 755 0280 0F       		.uleb128 0xf
 756 0281 58000000 		.4byte	.LVL28
 757 0285 34040000 		.4byte	0x434
 758 0289 00       		.byte	0
 759 028a 10       		.uleb128 0x10
 760 028b 2B010000 		.4byte	.LASF42
 761 028f 01       		.byte	0x1
 762 0290 5D       		.byte	0x5d
 763 0291 A2000000 		.4byte	0xa2
 764 0295 00000000 		.4byte	.LFB65
 765 0299 1C000000 		.4byte	.LFE65-.LFB65
 766 029d 01       		.uleb128 0x1
 767 029e 9C       		.byte	0x9c
 768 029f BC020000 		.4byte	0x2bc
 769 02a3 11       		.uleb128 0x11
 770 02a4 6E6F7700 		.ascii	"now\000"
 771 02a8 01       		.byte	0x1
 772 02a9 5E       		.byte	0x5e
 773 02aa B8000000 		.4byte	0xb8
 774 02ae 3C010000 		.4byte	.LLST4
 775 02b2 0F       		.uleb128 0xf
 776 02b3 06000000 		.4byte	.LVL29
 777 02b7 3F040000 		.4byte	0x43f
 778 02bb 00       		.byte	0
 779 02bc 12       		.uleb128 0x12
ARM GAS  C:\Users\guest\AppData\Local\Temp\ccA73Wre.s 			page 18


 780 02bd 50000000 		.4byte	.LASF63
 781 02c1 01       		.byte	0x1
 782 02c2 66       		.byte	0x66
 783 02c3 89000000 		.4byte	0x89
 784 02c7 00000000 		.4byte	.LFB66
 785 02cb B0000000 		.4byte	.LFE66-.LFB66
 786 02cf 01       		.uleb128 0x1
 787 02d0 9C       		.byte	0x9c
 788 02d1 E6030000 		.4byte	0x3e6
 789 02d5 0C       		.uleb128 0xc
 790 02d6 6D010000 		.4byte	.LASF44
 791 02da 01       		.byte	0x1
 792 02db 72       		.byte	0x72
 793 02dc 23010000 		.4byte	0x123
 794 02e0 4F010000 		.4byte	.LLST5
 795 02e4 0C       		.uleb128 0xc
 796 02e5 2A000000 		.4byte	.LASF45
 797 02e9 01       		.byte	0x1
 798 02ea 73       		.byte	0x73
 799 02eb 5F010000 		.4byte	0x15f
 800 02ef F6010000 		.4byte	.LLST6
 801 02f3 0F       		.uleb128 0xf
 802 02f4 08000000 		.4byte	.LVL31
 803 02f8 4A040000 		.4byte	0x44a
 804 02fc 0F       		.uleb128 0xf
 805 02fd 0C000000 		.4byte	.LVL32
 806 0301 55040000 		.4byte	0x455
 807 0305 0D       		.uleb128 0xd
 808 0306 14000000 		.4byte	.LVL33
 809 030a A0010000 		.4byte	0x1a0
 810 030e 1D030000 		.4byte	0x31d
 811 0312 0E       		.uleb128 0xe
 812 0313 01       		.uleb128 0x1
 813 0314 50       		.byte	0x50
 814 0315 01       		.uleb128 0x1
 815 0316 30       		.byte	0x30
 816 0317 0E       		.uleb128 0xe
 817 0318 01       		.uleb128 0x1
 818 0319 51       		.byte	0x51
 819 031a 01       		.uleb128 0x1
 820 031b 30       		.byte	0x30
 821 031c 00       		.byte	0
 822 031d 0F       		.uleb128 0xf
 823 031e 18000000 		.4byte	.LVL34
 824 0322 60040000 		.4byte	0x460
 825 0326 0F       		.uleb128 0xf
 826 0327 32000000 		.4byte	.LVL45
 827 032b 8A020000 		.4byte	0x28a
 828 032f 0F       		.uleb128 0xf
 829 0330 3A000000 		.4byte	.LVL46
 830 0334 6B040000 		.4byte	0x46b
 831 0338 0F       		.uleb128 0xf
 832 0339 40000000 		.4byte	.LVL47
 833 033d 76040000 		.4byte	0x476
 834 0341 0D       		.uleb128 0xd
 835 0342 48000000 		.4byte	.LVL48
 836 0346 6A010000 		.4byte	0x16a
ARM GAS  C:\Users\guest\AppData\Local\Temp\ccA73Wre.s 			page 19


 837 034a 55030000 		.4byte	0x355
 838 034e 0E       		.uleb128 0xe
 839 034f 01       		.uleb128 0x1
 840 0350 50       		.byte	0x50
 841 0351 02       		.uleb128 0x2
 842 0352 75       		.byte	0x75
 843 0353 00       		.sleb128 0
 844 0354 00       		.byte	0
 845 0355 0D       		.uleb128 0xd
 846 0356 62000000 		.4byte	.LVL50
 847 035a A0010000 		.4byte	0x1a0
 848 035e 6D030000 		.4byte	0x36d
 849 0362 0E       		.uleb128 0xe
 850 0363 01       		.uleb128 0x1
 851 0364 50       		.byte	0x50
 852 0365 01       		.uleb128 0x1
 853 0366 30       		.byte	0x30
 854 0367 0E       		.uleb128 0xe
 855 0368 01       		.uleb128 0x1
 856 0369 51       		.byte	0x51
 857 036a 01       		.uleb128 0x1
 858 036b 30       		.byte	0x30
 859 036c 00       		.byte	0
 860 036d 0D       		.uleb128 0xd
 861 036e 7E000000 		.4byte	.LVL53
 862 0372 A0010000 		.4byte	0x1a0
 863 0376 86030000 		.4byte	0x386
 864 037a 0E       		.uleb128 0xe
 865 037b 01       		.uleb128 0x1
 866 037c 50       		.byte	0x50
 867 037d 02       		.uleb128 0x2
 868 037e 08       		.byte	0x8
 869 037f 64       		.byte	0x64
 870 0380 0E       		.uleb128 0xe
 871 0381 01       		.uleb128 0x1
 872 0382 51       		.byte	0x51
 873 0383 01       		.uleb128 0x1
 874 0384 3A       		.byte	0x3a
 875 0385 00       		.byte	0
 876 0386 0D       		.uleb128 0xd
 877 0387 8A000000 		.4byte	.LVL56
 878 038b A0010000 		.4byte	0x1a0
 879 038f 9F030000 		.4byte	0x39f
 880 0393 0E       		.uleb128 0xe
 881 0394 01       		.uleb128 0x1
 882 0395 50       		.byte	0x50
 883 0396 01       		.uleb128 0x1
 884 0397 3A       		.byte	0x3a
 885 0398 0E       		.uleb128 0xe
 886 0399 01       		.uleb128 0x1
 887 039a 51       		.byte	0x51
 888 039b 02       		.uleb128 0x2
 889 039c 08       		.byte	0x8
 890 039d 64       		.byte	0x64
 891 039e 00       		.byte	0
 892 039f 0D       		.uleb128 0xd
 893 03a0 96000000 		.4byte	.LVL59
ARM GAS  C:\Users\guest\AppData\Local\Temp\ccA73Wre.s 			page 20


 894 03a4 A0010000 		.4byte	0x1a0
 895 03a8 B9030000 		.4byte	0x3b9
 896 03ac 0E       		.uleb128 0xe
 897 03ad 01       		.uleb128 0x1
 898 03ae 50       		.byte	0x50
 899 03af 02       		.uleb128 0x2
 900 03b0 08       		.byte	0x8
 901 03b1 50       		.byte	0x50
 902 03b2 0E       		.uleb128 0xe
 903 03b3 01       		.uleb128 0x1
 904 03b4 51       		.byte	0x51
 905 03b5 02       		.uleb128 0x2
 906 03b6 08       		.byte	0x8
 907 03b7 50       		.byte	0x50
 908 03b8 00       		.byte	0
 909 03b9 0D       		.uleb128 0xd
 910 03ba A2000000 		.4byte	.LVL62
 911 03be A0010000 		.4byte	0x1a0
 912 03c2 D1030000 		.4byte	0x3d1
 913 03c6 0E       		.uleb128 0xe
 914 03c7 01       		.uleb128 0x1
 915 03c8 50       		.byte	0x50
 916 03c9 01       		.uleb128 0x1
 917 03ca 44       		.byte	0x44
 918 03cb 0E       		.uleb128 0xe
 919 03cc 01       		.uleb128 0x1
 920 03cd 51       		.byte	0x51
 921 03ce 01       		.uleb128 0x1
 922 03cf 44       		.byte	0x44
 923 03d0 00       		.byte	0
 924 03d1 13       		.uleb128 0x13
 925 03d2 AE000000 		.4byte	.LVL65
 926 03d6 A0010000 		.4byte	0x1a0
 927 03da 0E       		.uleb128 0xe
 928 03db 01       		.uleb128 0x1
 929 03dc 50       		.byte	0x50
 930 03dd 01       		.uleb128 0x1
 931 03de 30       		.byte	0x30
 932 03df 0E       		.uleb128 0xe
 933 03e0 01       		.uleb128 0x1
 934 03e1 51       		.byte	0x51
 935 03e2 01       		.uleb128 0x1
 936 03e3 30       		.byte	0x30
 937 03e4 00       		.byte	0
 938 03e5 00       		.byte	0
 939 03e6 14       		.uleb128 0x14
 940 03e7 CE020000 		.4byte	.LASF46
 941 03eb 05       		.byte	0x5
 942 03ec 1207     		.2byte	0x712
 943 03ee F2030000 		.4byte	0x3f2
 944 03f2 15       		.uleb128 0x15
 945 03f3 AD000000 		.4byte	0xad
 946 03f7 16       		.uleb128 0x16
 947 03f8 07020000 		.4byte	.LASF47
 948 03fc 01       		.byte	0x1
 949 03fd 5C       		.byte	0x5c
 950 03fe B8000000 		.4byte	0xb8
ARM GAS  C:\Users\guest\AppData\Local\Temp\ccA73Wre.s 			page 21


 951 0402 05       		.uleb128 0x5
 952 0403 03       		.byte	0x3
 953 0404 00000000 		.4byte	lasttime
 954 0408 17       		.uleb128 0x17
 955 0409 00000000 		.4byte	.LASF48
 956 040d 00000000 		.4byte	.LASF48
 957 0411 06       		.byte	0x6
 958 0412 C3       		.byte	0xc3
 959 0413 17       		.uleb128 0x17
 960 0414 EC000000 		.4byte	.LASF49
 961 0418 EC000000 		.4byte	.LASF49
 962 041c 07       		.byte	0x7
 963 041d 26       		.byte	0x26
 964 041e 17       		.uleb128 0x17
 965 041f BB000000 		.4byte	.LASF50
 966 0423 BB000000 		.4byte	.LASF50
 967 0427 08       		.byte	0x8
 968 0428 C3       		.byte	0xc3
 969 0429 17       		.uleb128 0x17
 970 042a F3010000 		.4byte	.LASF51
 971 042e F3010000 		.4byte	.LASF51
 972 0432 09       		.byte	0x9
 973 0433 26       		.byte	0x26
 974 0434 17       		.uleb128 0x17
 975 0435 85000000 		.4byte	.LASF52
 976 0439 85000000 		.4byte	.LASF52
 977 043d 0A       		.byte	0xa
 978 043e 2F       		.byte	0x2f
 979 043f 17       		.uleb128 0x17
 980 0440 0F010000 		.4byte	.LASF53
 981 0444 0F010000 		.4byte	.LASF53
 982 0448 0B       		.byte	0xb
 983 0449 B6       		.byte	0xb6
 984 044a 17       		.uleb128 0x17
 985 044b 6D000000 		.4byte	.LASF54
 986 044f 6D000000 		.4byte	.LASF54
 987 0453 06       		.byte	0x6
 988 0454 92       		.byte	0x92
 989 0455 17       		.uleb128 0x17
 990 0456 75030000 		.4byte	.LASF55
 991 045a 75030000 		.4byte	.LASF55
 992 045e 08       		.byte	0x8
 993 045f 92       		.byte	0x92
 994 0460 17       		.uleb128 0x17
 995 0461 AA020000 		.4byte	.LASF56
 996 0465 AA020000 		.4byte	.LASF56
 997 0469 0B       		.byte	0xb
 998 046a AE       		.byte	0xae
 999 046b 17       		.uleb128 0x17
 1000 046c 46000000 		.4byte	.LASF57
 1001 0470 46000000 		.4byte	.LASF57
 1002 0474 0C       		.byte	0xc
 1003 0475 29       		.byte	0x29
 1004 0476 17       		.uleb128 0x17
 1005 0477 20000000 		.4byte	.LASF58
 1006 047b 20000000 		.4byte	.LASF58
 1007 047f 0D       		.byte	0xd
ARM GAS  C:\Users\guest\AppData\Local\Temp\ccA73Wre.s 			page 22


 1008 0480 29       		.byte	0x29
 1009 0481 00       		.byte	0
 1010              		.section	.debug_abbrev,"",%progbits
 1011              	.Ldebug_abbrev0:
 1012 0000 01       		.uleb128 0x1
 1013 0001 11       		.uleb128 0x11
 1014 0002 01       		.byte	0x1
 1015 0003 25       		.uleb128 0x25
 1016 0004 0E       		.uleb128 0xe
 1017 0005 13       		.uleb128 0x13
 1018 0006 0B       		.uleb128 0xb
 1019 0007 03       		.uleb128 0x3
 1020 0008 0E       		.uleb128 0xe
 1021 0009 1B       		.uleb128 0x1b
 1022 000a 0E       		.uleb128 0xe
 1023 000b 55       		.uleb128 0x55
 1024 000c 17       		.uleb128 0x17
 1025 000d 11       		.uleb128 0x11
 1026 000e 01       		.uleb128 0x1
 1027 000f 10       		.uleb128 0x10
 1028 0010 17       		.uleb128 0x17
 1029 0011 00       		.byte	0
 1030 0012 00       		.byte	0
 1031 0013 02       		.uleb128 0x2
 1032 0014 16       		.uleb128 0x16
 1033 0015 00       		.byte	0
 1034 0016 03       		.uleb128 0x3
 1035 0017 0E       		.uleb128 0xe
 1036 0018 3A       		.uleb128 0x3a
 1037 0019 0B       		.uleb128 0xb
 1038 001a 3B       		.uleb128 0x3b
 1039 001b 0B       		.uleb128 0xb
 1040 001c 49       		.uleb128 0x49
 1041 001d 13       		.uleb128 0x13
 1042 001e 00       		.byte	0
 1043 001f 00       		.byte	0
 1044 0020 03       		.uleb128 0x3
 1045 0021 24       		.uleb128 0x24
 1046 0022 00       		.byte	0
 1047 0023 0B       		.uleb128 0xb
 1048 0024 0B       		.uleb128 0xb
 1049 0025 3E       		.uleb128 0x3e
 1050 0026 0B       		.uleb128 0xb
 1051 0027 03       		.uleb128 0x3
 1052 0028 0E       		.uleb128 0xe
 1053 0029 00       		.byte	0
 1054 002a 00       		.byte	0
 1055 002b 04       		.uleb128 0x4
 1056 002c 24       		.uleb128 0x24
 1057 002d 00       		.byte	0
 1058 002e 0B       		.uleb128 0xb
 1059 002f 0B       		.uleb128 0xb
 1060 0030 3E       		.uleb128 0x3e
 1061 0031 0B       		.uleb128 0xb
 1062 0032 03       		.uleb128 0x3
 1063 0033 08       		.uleb128 0x8
 1064 0034 00       		.byte	0
ARM GAS  C:\Users\guest\AppData\Local\Temp\ccA73Wre.s 			page 23


 1065 0035 00       		.byte	0
 1066 0036 05       		.uleb128 0x5
 1067 0037 16       		.uleb128 0x16
 1068 0038 00       		.byte	0
 1069 0039 03       		.uleb128 0x3
 1070 003a 0E       		.uleb128 0xe
 1071 003b 3A       		.uleb128 0x3a
 1072 003c 0B       		.uleb128 0xb
 1073 003d 3B       		.uleb128 0x3b
 1074 003e 05       		.uleb128 0x5
 1075 003f 49       		.uleb128 0x49
 1076 0040 13       		.uleb128 0x13
 1077 0041 00       		.byte	0
 1078 0042 00       		.byte	0
 1079 0043 06       		.uleb128 0x6
 1080 0044 04       		.uleb128 0x4
 1081 0045 01       		.byte	0x1
 1082 0046 0B       		.uleb128 0xb
 1083 0047 0B       		.uleb128 0xb
 1084 0048 49       		.uleb128 0x49
 1085 0049 13       		.uleb128 0x13
 1086 004a 3A       		.uleb128 0x3a
 1087 004b 0B       		.uleb128 0xb
 1088 004c 3B       		.uleb128 0x3b
 1089 004d 0B       		.uleb128 0xb
 1090 004e 01       		.uleb128 0x1
 1091 004f 13       		.uleb128 0x13
 1092 0050 00       		.byte	0
 1093 0051 00       		.byte	0
 1094 0052 07       		.uleb128 0x7
 1095 0053 28       		.uleb128 0x28
 1096 0054 00       		.byte	0
 1097 0055 03       		.uleb128 0x3
 1098 0056 0E       		.uleb128 0xe
 1099 0057 1C       		.uleb128 0x1c
 1100 0058 0B       		.uleb128 0xb
 1101 0059 00       		.byte	0
 1102 005a 00       		.byte	0
 1103 005b 08       		.uleb128 0x8
 1104 005c 2E       		.uleb128 0x2e
 1105 005d 01       		.byte	0x1
 1106 005e 3F       		.uleb128 0x3f
 1107 005f 19       		.uleb128 0x19
 1108 0060 03       		.uleb128 0x3
 1109 0061 0E       		.uleb128 0xe
 1110 0062 3A       		.uleb128 0x3a
 1111 0063 0B       		.uleb128 0xb
 1112 0064 3B       		.uleb128 0x3b
 1113 0065 0B       		.uleb128 0xb
 1114 0066 27       		.uleb128 0x27
 1115 0067 19       		.uleb128 0x19
 1116 0068 49       		.uleb128 0x49
 1117 0069 13       		.uleb128 0x13
 1118 006a 11       		.uleb128 0x11
 1119 006b 01       		.uleb128 0x1
 1120 006c 12       		.uleb128 0x12
 1121 006d 06       		.uleb128 0x6
ARM GAS  C:\Users\guest\AppData\Local\Temp\ccA73Wre.s 			page 24


 1122 006e 40       		.uleb128 0x40
 1123 006f 18       		.uleb128 0x18
 1124 0070 9742     		.uleb128 0x2117
 1125 0072 19       		.uleb128 0x19
 1126 0073 01       		.uleb128 0x1
 1127 0074 13       		.uleb128 0x13
 1128 0075 00       		.byte	0
 1129 0076 00       		.byte	0
 1130 0077 09       		.uleb128 0x9
 1131 0078 05       		.uleb128 0x5
 1132 0079 00       		.byte	0
 1133 007a 03       		.uleb128 0x3
 1134 007b 0E       		.uleb128 0xe
 1135 007c 3A       		.uleb128 0x3a
 1136 007d 0B       		.uleb128 0xb
 1137 007e 3B       		.uleb128 0x3b
 1138 007f 0B       		.uleb128 0xb
 1139 0080 49       		.uleb128 0x49
 1140 0081 13       		.uleb128 0x13
 1141 0082 02       		.uleb128 0x2
 1142 0083 17       		.uleb128 0x17
 1143 0084 00       		.byte	0
 1144 0085 00       		.byte	0
 1145 0086 0A       		.uleb128 0xa
 1146 0087 05       		.uleb128 0x5
 1147 0088 00       		.byte	0
 1148 0089 03       		.uleb128 0x3
 1149 008a 0E       		.uleb128 0xe
 1150 008b 3A       		.uleb128 0x3a
 1151 008c 0B       		.uleb128 0xb
 1152 008d 3B       		.uleb128 0x3b
 1153 008e 0B       		.uleb128 0xb
 1154 008f 49       		.uleb128 0x49
 1155 0090 13       		.uleb128 0x13
 1156 0091 02       		.uleb128 0x2
 1157 0092 18       		.uleb128 0x18
 1158 0093 00       		.byte	0
 1159 0094 00       		.byte	0
 1160 0095 0B       		.uleb128 0xb
 1161 0096 2E       		.uleb128 0x2e
 1162 0097 01       		.byte	0x1
 1163 0098 3F       		.uleb128 0x3f
 1164 0099 19       		.uleb128 0x19
 1165 009a 03       		.uleb128 0x3
 1166 009b 0E       		.uleb128 0xe
 1167 009c 3A       		.uleb128 0x3a
 1168 009d 0B       		.uleb128 0xb
 1169 009e 3B       		.uleb128 0x3b
 1170 009f 0B       		.uleb128 0xb
 1171 00a0 27       		.uleb128 0x27
 1172 00a1 19       		.uleb128 0x19
 1173 00a2 11       		.uleb128 0x11
 1174 00a3 01       		.uleb128 0x1
 1175 00a4 12       		.uleb128 0x12
 1176 00a5 06       		.uleb128 0x6
 1177 00a6 40       		.uleb128 0x40
 1178 00a7 18       		.uleb128 0x18
ARM GAS  C:\Users\guest\AppData\Local\Temp\ccA73Wre.s 			page 25


 1179 00a8 9742     		.uleb128 0x2117
 1180 00aa 19       		.uleb128 0x19
 1181 00ab 01       		.uleb128 0x1
 1182 00ac 13       		.uleb128 0x13
 1183 00ad 00       		.byte	0
 1184 00ae 00       		.byte	0
 1185 00af 0C       		.uleb128 0xc
 1186 00b0 34       		.uleb128 0x34
 1187 00b1 00       		.byte	0
 1188 00b2 03       		.uleb128 0x3
 1189 00b3 0E       		.uleb128 0xe
 1190 00b4 3A       		.uleb128 0x3a
 1191 00b5 0B       		.uleb128 0xb
 1192 00b6 3B       		.uleb128 0x3b
 1193 00b7 0B       		.uleb128 0xb
 1194 00b8 49       		.uleb128 0x49
 1195 00b9 13       		.uleb128 0x13
 1196 00ba 02       		.uleb128 0x2
 1197 00bb 17       		.uleb128 0x17
 1198 00bc 00       		.byte	0
 1199 00bd 00       		.byte	0
 1200 00be 0D       		.uleb128 0xd
 1201 00bf 898201   		.uleb128 0x4109
 1202 00c2 01       		.byte	0x1
 1203 00c3 11       		.uleb128 0x11
 1204 00c4 01       		.uleb128 0x1
 1205 00c5 31       		.uleb128 0x31
 1206 00c6 13       		.uleb128 0x13
 1207 00c7 01       		.uleb128 0x1
 1208 00c8 13       		.uleb128 0x13
 1209 00c9 00       		.byte	0
 1210 00ca 00       		.byte	0
 1211 00cb 0E       		.uleb128 0xe
 1212 00cc 8A8201   		.uleb128 0x410a
 1213 00cf 00       		.byte	0
 1214 00d0 02       		.uleb128 0x2
 1215 00d1 18       		.uleb128 0x18
 1216 00d2 9142     		.uleb128 0x2111
 1217 00d4 18       		.uleb128 0x18
 1218 00d5 00       		.byte	0
 1219 00d6 00       		.byte	0
 1220 00d7 0F       		.uleb128 0xf
 1221 00d8 898201   		.uleb128 0x4109
 1222 00db 00       		.byte	0
 1223 00dc 11       		.uleb128 0x11
 1224 00dd 01       		.uleb128 0x1
 1225 00de 31       		.uleb128 0x31
 1226 00df 13       		.uleb128 0x13
 1227 00e0 00       		.byte	0
 1228 00e1 00       		.byte	0
 1229 00e2 10       		.uleb128 0x10
 1230 00e3 2E       		.uleb128 0x2e
 1231 00e4 01       		.byte	0x1
 1232 00e5 3F       		.uleb128 0x3f
 1233 00e6 19       		.uleb128 0x19
 1234 00e7 03       		.uleb128 0x3
 1235 00e8 0E       		.uleb128 0xe
ARM GAS  C:\Users\guest\AppData\Local\Temp\ccA73Wre.s 			page 26


 1236 00e9 3A       		.uleb128 0x3a
 1237 00ea 0B       		.uleb128 0xb
 1238 00eb 3B       		.uleb128 0x3b
 1239 00ec 0B       		.uleb128 0xb
 1240 00ed 49       		.uleb128 0x49
 1241 00ee 13       		.uleb128 0x13
 1242 00ef 11       		.uleb128 0x11
 1243 00f0 01       		.uleb128 0x1
 1244 00f1 12       		.uleb128 0x12
 1245 00f2 06       		.uleb128 0x6
 1246 00f3 40       		.uleb128 0x40
 1247 00f4 18       		.uleb128 0x18
 1248 00f5 9742     		.uleb128 0x2117
 1249 00f7 19       		.uleb128 0x19
 1250 00f8 01       		.uleb128 0x1
 1251 00f9 13       		.uleb128 0x13
 1252 00fa 00       		.byte	0
 1253 00fb 00       		.byte	0
 1254 00fc 11       		.uleb128 0x11
 1255 00fd 34       		.uleb128 0x34
 1256 00fe 00       		.byte	0
 1257 00ff 03       		.uleb128 0x3
 1258 0100 08       		.uleb128 0x8
 1259 0101 3A       		.uleb128 0x3a
 1260 0102 0B       		.uleb128 0xb
 1261 0103 3B       		.uleb128 0x3b
 1262 0104 0B       		.uleb128 0xb
 1263 0105 49       		.uleb128 0x49
 1264 0106 13       		.uleb128 0x13
 1265 0107 02       		.uleb128 0x2
 1266 0108 17       		.uleb128 0x17
 1267 0109 00       		.byte	0
 1268 010a 00       		.byte	0
 1269 010b 12       		.uleb128 0x12
 1270 010c 2E       		.uleb128 0x2e
 1271 010d 01       		.byte	0x1
 1272 010e 3F       		.uleb128 0x3f
 1273 010f 19       		.uleb128 0x19
 1274 0110 03       		.uleb128 0x3
 1275 0111 0E       		.uleb128 0xe
 1276 0112 3A       		.uleb128 0x3a
 1277 0113 0B       		.uleb128 0xb
 1278 0114 3B       		.uleb128 0x3b
 1279 0115 0B       		.uleb128 0xb
 1280 0116 27       		.uleb128 0x27
 1281 0117 19       		.uleb128 0x19
 1282 0118 49       		.uleb128 0x49
 1283 0119 13       		.uleb128 0x13
 1284 011a 8701     		.uleb128 0x87
 1285 011c 19       		.uleb128 0x19
 1286 011d 11       		.uleb128 0x11
 1287 011e 01       		.uleb128 0x1
 1288 011f 12       		.uleb128 0x12
 1289 0120 06       		.uleb128 0x6
 1290 0121 40       		.uleb128 0x40
 1291 0122 18       		.uleb128 0x18
 1292 0123 9742     		.uleb128 0x2117
ARM GAS  C:\Users\guest\AppData\Local\Temp\ccA73Wre.s 			page 27


 1293 0125 19       		.uleb128 0x19
 1294 0126 01       		.uleb128 0x1
 1295 0127 13       		.uleb128 0x13
 1296 0128 00       		.byte	0
 1297 0129 00       		.byte	0
 1298 012a 13       		.uleb128 0x13
 1299 012b 898201   		.uleb128 0x4109
 1300 012e 01       		.byte	0x1
 1301 012f 11       		.uleb128 0x11
 1302 0130 01       		.uleb128 0x1
 1303 0131 31       		.uleb128 0x31
 1304 0132 13       		.uleb128 0x13
 1305 0133 00       		.byte	0
 1306 0134 00       		.byte	0
 1307 0135 14       		.uleb128 0x14
 1308 0136 34       		.uleb128 0x34
 1309 0137 00       		.byte	0
 1310 0138 03       		.uleb128 0x3
 1311 0139 0E       		.uleb128 0xe
 1312 013a 3A       		.uleb128 0x3a
 1313 013b 0B       		.uleb128 0xb
 1314 013c 3B       		.uleb128 0x3b
 1315 013d 05       		.uleb128 0x5
 1316 013e 49       		.uleb128 0x49
 1317 013f 13       		.uleb128 0x13
 1318 0140 3F       		.uleb128 0x3f
 1319 0141 19       		.uleb128 0x19
 1320 0142 3C       		.uleb128 0x3c
 1321 0143 19       		.uleb128 0x19
 1322 0144 00       		.byte	0
 1323 0145 00       		.byte	0
 1324 0146 15       		.uleb128 0x15
 1325 0147 35       		.uleb128 0x35
 1326 0148 00       		.byte	0
 1327 0149 49       		.uleb128 0x49
 1328 014a 13       		.uleb128 0x13
 1329 014b 00       		.byte	0
 1330 014c 00       		.byte	0
 1331 014d 16       		.uleb128 0x16
 1332 014e 34       		.uleb128 0x34
 1333 014f 00       		.byte	0
 1334 0150 03       		.uleb128 0x3
 1335 0151 0E       		.uleb128 0xe
 1336 0152 3A       		.uleb128 0x3a
 1337 0153 0B       		.uleb128 0xb
 1338 0154 3B       		.uleb128 0x3b
 1339 0155 0B       		.uleb128 0xb
 1340 0156 49       		.uleb128 0x49
 1341 0157 13       		.uleb128 0x13
 1342 0158 3F       		.uleb128 0x3f
 1343 0159 19       		.uleb128 0x19
 1344 015a 02       		.uleb128 0x2
 1345 015b 18       		.uleb128 0x18
 1346 015c 00       		.byte	0
 1347 015d 00       		.byte	0
 1348 015e 17       		.uleb128 0x17
 1349 015f 2E       		.uleb128 0x2e
ARM GAS  C:\Users\guest\AppData\Local\Temp\ccA73Wre.s 			page 28


 1350 0160 00       		.byte	0
 1351 0161 3F       		.uleb128 0x3f
 1352 0162 19       		.uleb128 0x19
 1353 0163 3C       		.uleb128 0x3c
 1354 0164 19       		.uleb128 0x19
 1355 0165 6E       		.uleb128 0x6e
 1356 0166 0E       		.uleb128 0xe
 1357 0167 03       		.uleb128 0x3
 1358 0168 0E       		.uleb128 0xe
 1359 0169 3A       		.uleb128 0x3a
 1360 016a 0B       		.uleb128 0xb
 1361 016b 3B       		.uleb128 0x3b
 1362 016c 0B       		.uleb128 0xb
 1363 016d 00       		.byte	0
 1364 016e 00       		.byte	0
 1365 016f 00       		.byte	0
 1366              		.section	.debug_loc,"",%progbits
 1367              	.Ldebug_loc0:
 1368              	.LLST0:
 1369 0000 00000000 		.4byte	.LVL0
 1370 0004 1C000000 		.4byte	.LVL1
 1371 0008 0100     		.2byte	0x1
 1372 000a 50       		.byte	0x50
 1373 000b 1C000000 		.4byte	.LVL1
 1374 000f 1E000000 		.4byte	.LVL2
 1375 0013 0400     		.2byte	0x4
 1376 0015 F3       		.byte	0xf3
 1377 0016 01       		.uleb128 0x1
 1378 0017 50       		.byte	0x50
 1379 0018 9F       		.byte	0x9f
 1380 0019 1E000000 		.4byte	.LVL2
 1381 001d 20000000 		.4byte	.LVL3
 1382 0021 0100     		.2byte	0x1
 1383 0023 50       		.byte	0x50
 1384 0024 20000000 		.4byte	.LVL3
 1385 0028 22000000 		.4byte	.LVL4
 1386 002c 0400     		.2byte	0x4
 1387 002e F3       		.byte	0xf3
 1388 002f 01       		.uleb128 0x1
 1389 0030 50       		.byte	0x50
 1390 0031 9F       		.byte	0x9f
 1391 0032 22000000 		.4byte	.LVL4
 1392 0036 24000000 		.4byte	.LVL5
 1393 003a 0100     		.2byte	0x1
 1394 003c 50       		.byte	0x50
 1395 003d 24000000 		.4byte	.LVL5
 1396 0041 26000000 		.4byte	.LVL6
 1397 0045 0400     		.2byte	0x4
 1398 0047 F3       		.byte	0xf3
 1399 0048 01       		.uleb128 0x1
 1400 0049 50       		.byte	0x50
 1401 004a 9F       		.byte	0x9f
 1402 004b 26000000 		.4byte	.LVL6
 1403 004f 28000000 		.4byte	.LVL7
 1404 0053 0100     		.2byte	0x1
 1405 0055 50       		.byte	0x50
 1406 0056 28000000 		.4byte	.LVL7
ARM GAS  C:\Users\guest\AppData\Local\Temp\ccA73Wre.s 			page 29


 1407 005a 2A000000 		.4byte	.LVL8
 1408 005e 0400     		.2byte	0x4
 1409 0060 F3       		.byte	0xf3
 1410 0061 01       		.uleb128 0x1
 1411 0062 50       		.byte	0x50
 1412 0063 9F       		.byte	0x9f
 1413 0064 2A000000 		.4byte	.LVL8
 1414 0068 2C000000 		.4byte	.LVL9
 1415 006c 0100     		.2byte	0x1
 1416 006e 50       		.byte	0x50
 1417 006f 2C000000 		.4byte	.LVL9
 1418 0073 2E000000 		.4byte	.LVL10
 1419 0077 0400     		.2byte	0x4
 1420 0079 F3       		.byte	0xf3
 1421 007a 01       		.uleb128 0x1
 1422 007b 50       		.byte	0x50
 1423 007c 9F       		.byte	0x9f
 1424 007d 2E000000 		.4byte	.LVL10
 1425 0081 30000000 		.4byte	.LVL11
 1426 0085 0100     		.2byte	0x1
 1427 0087 50       		.byte	0x50
 1428 0088 30000000 		.4byte	.LVL11
 1429 008c 32000000 		.4byte	.LFE63
 1430 0090 0400     		.2byte	0x4
 1431 0092 F3       		.byte	0xf3
 1432 0093 01       		.uleb128 0x1
 1433 0094 50       		.byte	0x50
 1434 0095 9F       		.byte	0x9f
 1435 0096 00000000 		.4byte	0
 1436 009a 00000000 		.4byte	0
 1437              	.LLST1:
 1438 009e 00000000 		.4byte	.LVL12
 1439 00a2 0A000000 		.4byte	.LVL14
 1440 00a6 0100     		.2byte	0x1
 1441 00a8 50       		.byte	0x50
 1442 00a9 0A000000 		.4byte	.LVL14
 1443 00ad 18000000 		.4byte	.LVL17
 1444 00b1 0400     		.2byte	0x4
 1445 00b3 F3       		.byte	0xf3
 1446 00b4 01       		.uleb128 0x1
 1447 00b5 50       		.byte	0x50
 1448 00b6 9F       		.byte	0x9f
 1449 00b7 18000000 		.4byte	.LVL17
 1450 00bb 1A000000 		.4byte	.LVL18
 1451 00bf 0100     		.2byte	0x1
 1452 00c1 50       		.byte	0x50
 1453 00c2 1A000000 		.4byte	.LVL18
 1454 00c6 5A000000 		.4byte	.LFE64
 1455 00ca 0400     		.2byte	0x4
 1456 00cc F3       		.byte	0xf3
 1457 00cd 01       		.uleb128 0x1
 1458 00ce 50       		.byte	0x50
 1459 00cf 9F       		.byte	0x9f
 1460 00d0 00000000 		.4byte	0
 1461 00d4 00000000 		.4byte	0
 1462              	.LLST2:
 1463 00d8 00000000 		.4byte	.LVL12
ARM GAS  C:\Users\guest\AppData\Local\Temp\ccA73Wre.s 			page 30


 1464 00dc 0F000000 		.4byte	.LVL15-1
 1465 00e0 0100     		.2byte	0x1
 1466 00e2 51       		.byte	0x51
 1467 00e3 0F000000 		.4byte	.LVL15-1
 1468 00e7 18000000 		.4byte	.LVL17
 1469 00eb 0400     		.2byte	0x4
 1470 00ed F3       		.byte	0xf3
 1471 00ee 01       		.uleb128 0x1
 1472 00ef 51       		.byte	0x51
 1473 00f0 9F       		.byte	0x9f
 1474 00f1 18000000 		.4byte	.LVL17
 1475 00f5 1D000000 		.4byte	.LVL19-1
 1476 00f9 0100     		.2byte	0x1
 1477 00fb 51       		.byte	0x51
 1478 00fc 1D000000 		.4byte	.LVL19-1
 1479 0100 5A000000 		.4byte	.LFE64
 1480 0104 0400     		.2byte	0x4
 1481 0106 F3       		.byte	0xf3
 1482 0107 01       		.uleb128 0x1
 1483 0108 51       		.byte	0x51
 1484 0109 9F       		.byte	0x9f
 1485 010a 00000000 		.4byte	0
 1486 010e 00000000 		.4byte	0
 1487              	.LLST3:
 1488 0112 04000000 		.4byte	.LVL13
 1489 0116 4C000000 		.4byte	.LVL25
 1490 011a 0200     		.2byte	0x2
 1491 011c 30       		.byte	0x30
 1492 011d 9F       		.byte	0x9f
 1493 011e 4C000000 		.4byte	.LVL25
 1494 0122 50000000 		.4byte	.LVL26
 1495 0126 0100     		.2byte	0x1
 1496 0128 50       		.byte	0x50
 1497 0129 52000000 		.4byte	.LVL27
 1498 012d 57000000 		.4byte	.LVL28-1
 1499 0131 0100     		.2byte	0x1
 1500 0133 50       		.byte	0x50
 1501 0134 00000000 		.4byte	0
 1502 0138 00000000 		.4byte	0
 1503              	.LLST4:
 1504 013c 06000000 		.4byte	.LVL29
 1505 0140 0C000000 		.4byte	.LVL30
 1506 0144 0100     		.2byte	0x1
 1507 0146 50       		.byte	0x50
 1508 0147 00000000 		.4byte	0
 1509 014b 00000000 		.4byte	0
 1510              	.LLST5:
 1511 014f 18000000 		.4byte	.LVL34
 1512 0153 1C000000 		.4byte	.LVL35
 1513 0157 0200     		.2byte	0x2
 1514 0159 30       		.byte	0x30
 1515 015a 9F       		.byte	0x9f
 1516 015b 1C000000 		.4byte	.LVL35
 1517 015f 1E000000 		.4byte	.LVL36
 1518 0163 0100     		.2byte	0x1
 1519 0165 54       		.byte	0x54
 1520 0166 20000000 		.4byte	.LVL37
ARM GAS  C:\Users\guest\AppData\Local\Temp\ccA73Wre.s 			page 31


 1521 016a 22000000 		.4byte	.LVL38
 1522 016e 0100     		.2byte	0x1
 1523 0170 54       		.byte	0x54
 1524 0171 24000000 		.4byte	.LVL39
 1525 0175 26000000 		.4byte	.LVL40
 1526 0179 0100     		.2byte	0x1
 1527 017b 54       		.byte	0x54
 1528 017c 28000000 		.4byte	.LVL41
 1529 0180 2A000000 		.4byte	.LVL42
 1530 0184 0100     		.2byte	0x1
 1531 0186 54       		.byte	0x54
 1532 0187 2C000000 		.4byte	.LVL43
 1533 018b 7E000000 		.4byte	.LVL53
 1534 018f 0100     		.2byte	0x1
 1535 0191 54       		.byte	0x54
 1536 0192 7E000000 		.4byte	.LVL53
 1537 0196 82000000 		.4byte	.LVL54
 1538 019a 0200     		.2byte	0x2
 1539 019c 31       		.byte	0x31
 1540 019d 9F       		.byte	0x9f
 1541 019e 82000000 		.4byte	.LVL54
 1542 01a2 8A000000 		.4byte	.LVL56
 1543 01a6 0100     		.2byte	0x1
 1544 01a8 54       		.byte	0x54
 1545 01a9 8A000000 		.4byte	.LVL56
 1546 01ad 8E000000 		.4byte	.LVL57
 1547 01b1 0200     		.2byte	0x2
 1548 01b3 31       		.byte	0x31
 1549 01b4 9F       		.byte	0x9f
 1550 01b5 8E000000 		.4byte	.LVL57
 1551 01b9 96000000 		.4byte	.LVL59
 1552 01bd 0100     		.2byte	0x1
 1553 01bf 54       		.byte	0x54
 1554 01c0 96000000 		.4byte	.LVL59
 1555 01c4 9A000000 		.4byte	.LVL60
 1556 01c8 0200     		.2byte	0x2
 1557 01ca 31       		.byte	0x31
 1558 01cb 9F       		.byte	0x9f
 1559 01cc 9A000000 		.4byte	.LVL60
 1560 01d0 A2000000 		.4byte	.LVL62
 1561 01d4 0100     		.2byte	0x1
 1562 01d6 54       		.byte	0x54
 1563 01d7 A2000000 		.4byte	.LVL62
 1564 01db A6000000 		.4byte	.LVL63
 1565 01df 0200     		.2byte	0x2
 1566 01e1 31       		.byte	0x31
 1567 01e2 9F       		.byte	0x9f
 1568 01e3 A6000000 		.4byte	.LVL63
 1569 01e7 B0000000 		.4byte	.LFE66
 1570 01eb 0100     		.2byte	0x1
 1571 01ed 54       		.byte	0x54
 1572 01ee 00000000 		.4byte	0
 1573 01f2 00000000 		.4byte	0
 1574              	.LLST6:
 1575 01f6 1C000000 		.4byte	.LVL35
 1576 01fa 2E000000 		.4byte	.LVL44
 1577 01fe 0100     		.2byte	0x1
ARM GAS  C:\Users\guest\AppData\Local\Temp\ccA73Wre.s 			page 32


 1578 0200 50       		.byte	0x50
 1579 0201 48000000 		.4byte	.LVL48
 1580 0205 5E000000 		.4byte	.LVL49
 1581 0209 0100     		.2byte	0x1
 1582 020b 50       		.byte	0x50
 1583 020c 64000000 		.4byte	.LVL51
 1584 0210 7A000000 		.4byte	.LVL52
 1585 0214 0100     		.2byte	0x1
 1586 0216 50       		.byte	0x50
 1587 0217 82000000 		.4byte	.LVL54
 1588 021b 86000000 		.4byte	.LVL55
 1589 021f 0100     		.2byte	0x1
 1590 0221 50       		.byte	0x50
 1591 0222 8E000000 		.4byte	.LVL57
 1592 0226 92000000 		.4byte	.LVL58
 1593 022a 0100     		.2byte	0x1
 1594 022c 50       		.byte	0x50
 1595 022d 9A000000 		.4byte	.LVL60
 1596 0231 9E000000 		.4byte	.LVL61
 1597 0235 0100     		.2byte	0x1
 1598 0237 50       		.byte	0x50
 1599 0238 A6000000 		.4byte	.LVL63
 1600 023c AA000000 		.4byte	.LVL64
 1601 0240 0100     		.2byte	0x1
 1602 0242 50       		.byte	0x50
 1603 0243 00000000 		.4byte	0
 1604 0247 00000000 		.4byte	0
 1605              		.section	.debug_aranges,"",%progbits
 1606 0000 34000000 		.4byte	0x34
 1607 0004 0200     		.2byte	0x2
 1608 0006 00000000 		.4byte	.Ldebug_info0
 1609 000a 04       		.byte	0x4
 1610 000b 00       		.byte	0
 1611 000c 0000     		.2byte	0
 1612 000e 0000     		.2byte	0
 1613 0010 00000000 		.4byte	.LFB63
 1614 0014 32000000 		.4byte	.LFE63-.LFB63
 1615 0018 00000000 		.4byte	.LFB64
 1616 001c 5A000000 		.4byte	.LFE64-.LFB64
 1617 0020 00000000 		.4byte	.LFB65
 1618 0024 1C000000 		.4byte	.LFE65-.LFB65
 1619 0028 00000000 		.4byte	.LFB66
 1620 002c B0000000 		.4byte	.LFE66-.LFB66
 1621 0030 00000000 		.4byte	0
 1622 0034 00000000 		.4byte	0
 1623              		.section	.debug_ranges,"",%progbits
 1624              	.Ldebug_ranges0:
 1625 0000 00000000 		.4byte	.LFB63
 1626 0004 32000000 		.4byte	.LFE63
 1627 0008 00000000 		.4byte	.LFB64
 1628 000c 5A000000 		.4byte	.LFE64
 1629 0010 00000000 		.4byte	.LFB65
 1630 0014 1C000000 		.4byte	.LFE65
 1631 0018 00000000 		.4byte	.LFB66
 1632 001c B0000000 		.4byte	.LFE66
 1633 0020 00000000 		.4byte	0
 1634 0024 00000000 		.4byte	0
ARM GAS  C:\Users\guest\AppData\Local\Temp\ccA73Wre.s 			page 33


 1635              		.section	.debug_line,"",%progbits
 1636              	.Ldebug_line0:
 1637 0000 65020000 		.section	.debug_str,"MS",%progbits,1
 1637      0200B901 
 1637      00000201 
 1637      FB0E0D00 
 1637      01010101 
 1638              	.LASF48:
 1639 0000 50574D5F 		.ascii	"PWM_L_WriteCompare\000"
 1639      4C5F5772 
 1639      69746543 
 1639      6F6D7061 
 1639      726500
 1640              	.LASF40:
 1641 0013 72696768 		.ascii	"right\000"
 1641      7400
 1642              	.LASF13:
 1643 0019 696E7438 		.ascii	"int8_t\000"
 1643      5F7400
 1644              	.LASF58:
 1645 0020 49525F52 		.ascii	"IR_R_Read\000"
 1645      5F526561 
 1645      6400
 1646              	.LASF45:
 1647 002a 4E657765 		.ascii	"Newevent\000"
 1647      76656E74 
 1647      00
 1648              	.LASF4:
 1649 0033 73686F72 		.ascii	"short int\000"
 1649      7420696E 
 1649      7400
 1650              	.LASF22:
 1651 003d 73697A65 		.ascii	"sizetype\000"
 1651      74797065 
 1651      00
 1652              	.LASF57:
 1653 0046 49525F4C 		.ascii	"IR_L_Read\000"
 1653      5F526561 
 1653      6400
 1654              	.LASF63:
 1655 0050 6D61696E 		.ascii	"main\000"
 1655      00
 1656              	.LASF8:
 1657 0055 5F5F7569 		.ascii	"__uint32_t\000"
 1657      6E743332 
 1657      5F7400
 1658              	.LASF33:
 1659 0060 4E6F5F6C 		.ascii	"No_line_seen\000"
 1659      696E655F 
 1659      7365656E 
 1659      00
 1660              	.LASF54:
 1661 006d 50574D5F 		.ascii	"PWM_L_Start\000"
 1661      4C5F5374 
 1661      61727400 
 1662              	.LASF38:
 1663 0079 73656E73 		.ascii	"sensorRight\000"
ARM GAS  C:\Users\guest\AppData\Local\Temp\ccA73Wre.s 			page 34


 1663      6F725269 
 1663      67687400 
 1664              	.LASF52:
 1665 0085 5265675F 		.ascii	"Reg_PWM_Start_Write\000"
 1665      50574D5F 
 1665      53746172 
 1665      745F5772 
 1665      69746500 
 1666              	.LASF32:
 1667 0099 4952525F 		.ascii	"IRR_detect\000"
 1667      64657465 
 1667      637400
 1668              	.LASF41:
 1669 00a4 73657473 		.ascii	"setspeed\000"
 1669      70656564 
 1669      00
 1670              	.LASF14:
 1671 00ad 75696E74 		.ascii	"uint8_t\000"
 1671      385F7400 
 1672              	.LASF17:
 1673 00b5 696E7431 		.ascii	"int16\000"
 1673      3600
 1674              	.LASF50:
 1675 00bb 50574D5F 		.ascii	"PWM_R_WriteCompare\000"
 1675      525F5772 
 1675      69746543 
 1675      6F6D7061 
 1675      726500
 1676              	.LASF24:
 1677 00ce 5365656B 		.ascii	"Seek_line\000"
 1677      5F6C696E 
 1677      6500
 1678              	.LASF18:
 1679 00d8 666C6F61 		.ascii	"float\000"
 1679      7400
 1680              	.LASF10:
 1681 00de 6C6F6E67 		.ascii	"long long int\000"
 1681      206C6F6E 
 1681      6720696E 
 1681      7400
 1682              	.LASF49:
 1683 00ec 4C656674 		.ascii	"Left_mot_dir_Write\000"
 1683      5F6D6F74 
 1683      5F646972 
 1683      5F577269 
 1683      746500
 1684              	.LASF29:
 1685 00ff 73746174 		.ascii	"states\000"
 1685      657300
 1686              	.LASF7:
 1687 0106 6C6F6E67 		.ascii	"long int\000"
 1687      20696E74 
 1687      00
 1688              	.LASF53:
 1689 010f 43795379 		.ascii	"CySysTickGetValue\000"
 1689      73546963 
 1689      6B476574 
ARM GAS  C:\Users\guest\AppData\Local\Temp\ccA73Wre.s 			page 35


 1689      56616C75 
 1689      6500
 1690              	.LASF1:
 1691 0121 5F5F7569 		.ascii	"__uint8_t\000"
 1691      6E74385F 
 1691      7400
 1692              	.LASF42:
 1693 012b 69736D79 		.ascii	"ismytimer\000"
 1693      74696D65 
 1693      7200
 1694              	.LASF23:
 1695 0135 49646C65 		.ascii	"Idle_state\000"
 1695      5F737461 
 1695      746500
 1696              	.LASF3:
 1697 0140 756E7369 		.ascii	"unsigned char\000"
 1697      676E6564 
 1697      20636861 
 1697      7200
 1698              	.LASF21:
 1699 014e 6C6F6E67 		.ascii	"long double\000"
 1699      20646F75 
 1699      626C6500 
 1700              	.LASF28:
 1701 015a 4F6E5F6C 		.ascii	"On_line\000"
 1701      696E6500 
 1702              	.LASF26:
 1703 0162 4C696E65 		.ascii	"Line_right\000"
 1703      5F726967 
 1703      687400
 1704              	.LASF44:
 1705 016d 4E657773 		.ascii	"Newstate\000"
 1705      74617465 
 1705      00
 1706              	.LASF2:
 1707 0176 7369676E 		.ascii	"signed char\000"
 1707      65642063 
 1707      68617200 
 1708              	.LASF15:
 1709 0182 696E7433 		.ascii	"int32_t\000"
 1709      325F7400 
 1710              	.LASF11:
 1711 018a 6C6F6E67 		.ascii	"long long unsigned int\000"
 1711      206C6F6E 
 1711      6720756E 
 1711      7369676E 
 1711      65642069 
 1712              	.LASF16:
 1713 01a1 75696E74 		.ascii	"uint32_t\000"
 1713      33325F74 
 1713      00
 1714              	.LASF12:
 1715 01aa 756E7369 		.ascii	"unsigned int\000"
 1715      676E6564 
 1715      20696E74 
 1715      00
 1716              	.LASF5:
ARM GAS  C:\Users\guest\AppData\Local\Temp\ccA73Wre.s 			page 36


 1717 01b7 73686F72 		.ascii	"short unsigned int\000"
 1717      7420756E 
 1717      7369676E 
 1717      65642069 
 1717      6E7400
 1718              	.LASF0:
 1719 01ca 5F5F696E 		.ascii	"__int8_t\000"
 1719      74385F74 
 1719      00
 1720              	.LASF20:
 1721 01d3 63686172 		.ascii	"char\000"
 1721      00
 1722              	.LASF31:
 1723 01d8 49524C5F 		.ascii	"IRL_detect\000"
 1723      64657465 
 1723      637400
 1724              	.LASF39:
 1725 01e3 6C656674 		.ascii	"left\000"
 1725      00
 1726              	.LASF37:
 1727 01e8 73656E73 		.ascii	"sensorLeft\000"
 1727      6F724C65 
 1727      667400
 1728              	.LASF51:
 1729 01f3 52696768 		.ascii	"Right_mot_dir_Write\000"
 1729      745F6D6F 
 1729      745F6469 
 1729      725F5772 
 1729      69746500 
 1730              	.LASF47:
 1731 0207 6C617374 		.ascii	"lasttime\000"
 1731      74696D65 
 1731      00
 1732              	.LASF25:
 1733 0210 4C696E65 		.ascii	"Line_left\000"
 1733      5F6C6566 
 1733      7400
 1734              	.LASF60:
 1735 021a 6D61696E 		.ascii	"main.c\000"
 1735      2E6300
 1736              	.LASF9:
 1737 0221 6C6F6E67 		.ascii	"long unsigned int\000"
 1737      20756E73 
 1737      69676E65 
 1737      6420696E 
 1737      7400
 1738              	.LASF19:
 1739 0233 646F7562 		.ascii	"double\000"
 1739      6C6500
 1740              	.LASF61:
 1741 023a 433A5C55 		.ascii	"C:\\Users\\guest\\Documents\\Workspace01\\Workspace"
 1741      73657273 
 1741      5C677565 
 1741      73745C44 
 1741      6F63756D 
 1742 0268 30315C4B 		.ascii	"01\\Kisrobot.cydsn\000"
 1742      6973726F 
ARM GAS  C:\Users\guest\AppData\Local\Temp\ccA73Wre.s 			page 37


 1742      626F742E 
 1742      63796473 
 1742      6E00
 1743              	.LASF34:
 1744 027a 4F6E5F6C 		.ascii	"On_line_seen\000"
 1744      696E655F 
 1744      7365656E 
 1744      00
 1745              	.LASF6:
 1746 0287 5F5F696E 		.ascii	"__int32_t\000"
 1746      7433325F 
 1746      7400
 1747              	.LASF30:
 1748 0291 446F6E74 		.ascii	"Dont_seek_line\000"
 1748      5F736565 
 1748      6B5F6C69 
 1748      6E6500
 1749              	.LASF62:
 1750 02a0 52656164 		.ascii	"Readevent\000"
 1750      6576656E 
 1750      7400
 1751              	.LASF56:
 1752 02aa 43795379 		.ascii	"CySysTickStart\000"
 1752      73546963 
 1752      6B537461 
 1752      727400
 1753              	.LASF36:
 1754 02b9 6576656E 		.ascii	"events\000"
 1754      747300
 1755              	.LASF35:
 1756 02c0 44697265 		.ascii	"Direction_set\000"
 1756      6374696F 
 1756      6E5F7365 
 1756      7400
 1757              	.LASF46:
 1758 02ce 49544D5F 		.ascii	"ITM_RxBuffer\000"
 1758      52784275 
 1758      66666572 
 1758      00
 1759              	.LASF59:
 1760 02db 474E5520 		.ascii	"GNU C11 5.4.1 20160609 (release) [ARM/embedded-5-br"
 1760      43313120 
 1760      352E342E 
 1760      31203230 
 1760      31363036 
 1761 030e 616E6368 		.ascii	"anch revision 237715] -mcpu=cortex-m3 -mthumb -g -O"
 1761      20726576 
 1761      6973696F 
 1761      6E203233 
 1761      37373135 
 1762 0341 67202D66 		.ascii	"g -ffunction-sections -ffat-lto-objects\000"
 1762      66756E63 
 1762      74696F6E 
 1762      2D736563 
 1762      74696F6E 
 1763              	.LASF43:
 1764 0369 6B696C6C 		.ascii	"killcontrol\000"
ARM GAS  C:\Users\guest\AppData\Local\Temp\ccA73Wre.s 			page 38


 1764      636F6E74 
 1764      726F6C00 
 1765              	.LASF55:
 1766 0375 50574D5F 		.ascii	"PWM_R_Start\000"
 1766      525F5374 
 1766      61727400 
 1767              	.LASF27:
 1768 0381 4E6F5F6C 		.ascii	"No_line\000"
 1768      696E6500 
 1769              		.ident	"GCC: (GNU Tools for ARM Embedded Processors) 5.4.1 20160609 (release) [ARM/embedded-5-bran
